<?xml version="1.0" encoding="UTF-8"?>
<!-- Generated by org.testng.reporters.JUnitReportReporter -->
<testsuite hostname="ABNER" failures="0" tests="8" name="com.nopcommerce.search.Search_Nopcommerce" time="11.525" errors="0" timestamp="07 Dec 2021 04:37:17 GMT" skipped="0">
  <testcase classname="com.nopcommerce.search.Search_Nopcommerce" name="TC_02_Data_Not_Exist" time="0.731"/>
  <testcase classname="com.nopcommerce.search.Search_Nopcommerce" name="TC_08_Advanced_Correct_Manufacturer" time="2.547"/>
  <testcase classname="com.nopcommerce.search.Search_Nopcommerce" name="TC_01_Empty_Data" time="1.229"/>
  <testcase classname="com.nopcommerce.search.Search_Nopcommerce" name="TC_04_Absolutely_Data" time="1.377"/>
  <testcase classname="com.nopcommerce.search.Search_Nopcommerce" name="TC_05_Advanced_Parent_Categories" time="0.909"/>
  <testcase classname="com.nopcommerce.search.Search_Nopcommerce" name="TC_03_Relatively_Data" time="0.732"/>
  <testcase classname="com.nopcommerce.search.Search_Nopcommerce" name="TC_06_Advanced_Sub_Categories" time="2.394"/>
  <testcase classname="com.nopcommerce.search.Search_Nopcommerce" name="TC_07_Advanced_Incorrect_Manufacturer" time="1.606"/>
</testsuite> <!-- com.nopcommerce.search.Search_Nopcommerce -->
