<?xml version="1.0" encoding="UTF-8"?>
<!-- Generated by org.testng.reporters.JUnitReportReporter -->
<testsuite hostname="ABNER" failures="0" tests="2" name="com.nopcommerce.user.Level_14_Login_Log_Share_State" time="0.065" errors="0" timestamp="03 Nov 2021 04:00:51 GMT" skipped="0">
  <testcase classname="com.nopcommerce.user.Level_14_Login_Log_Share_State" name="TC_02_ACB" time="0.002"/>
  <testcase classname="com.nopcommerce.user.Level_14_Login_Log_Share_State" name="TC_01_ABC" time="0.063"/>
</testsuite> <!-- com.nopcommerce.user.Level_14_Login_Log_Share_State -->
