<?xml version="1.0" encoding="UTF-8"?>
<!-- Generated by org.testng.reporters.JUnitReportReporter -->
<testsuite hostname="ABNER" failures="0" tests="7" name="com.nopcommerce.sortdata.SortData_Nopcommerce" time="28.434" errors="0" timestamp="07 Dec 2021 04:43:03 GMT" skipped="0">
  <testcase classname="com.nopcommerce.sortdata.SortData_Nopcommerce" name="TC_02_Sort_Name_Z_A" time="2.184"/>
  <testcase classname="com.nopcommerce.sortdata.SortData_Nopcommerce" name="TC_03_Sort_Price_Low_To_High" time="0.186"/>
  <testcase classname="com.nopcommerce.sortdata.SortData_Nopcommerce" name="TC_06_Page_Display_6_Product" time="7.158"/>
  <testcase classname="com.nopcommerce.sortdata.SortData_Nopcommerce" name="TC_07_Page_Display_9_Product" time="7.191"/>
  <testcase classname="com.nopcommerce.sortdata.SortData_Nopcommerce" name="TC_01_Sort_Name_A_Z" time="4.056"/>
  <testcase classname="com.nopcommerce.sortdata.SortData_Nopcommerce" name="TC_04_Sort_Price_High_To_Low" time="0.150"/>
  <testcase classname="com.nopcommerce.sortdata.SortData_Nopcommerce" name="TC_05_Display_3_Product" time="7.509"/>
</testsuite> <!-- com.nopcommerce.sortdata.SortData_Nopcommerce -->
