<?xml version="1.0" encoding="UTF-8"?>
<!-- Generated by org.testng.reporters.JUnitReportReporter -->
<testsuite hostname="ABNER" failures="0" tests="2" name="com.nopcommerce.user.Level_13_Register_Login_Log_Report" time="10.450" errors="0" timestamp="02 Nov 2021 08:28:11 GMT" skipped="0">
  <testcase classname="com.nopcommerce.user.Level_13_Register_Login_Log_Report" name="TC_01_Register_To_System" time="7.318"/>
  <testcase classname="com.nopcommerce.user.Level_13_Register_Login_Log_Report" name="TC_02_Login_To_System" time="3.132"/>
</testsuite> <!-- com.nopcommerce.user.Level_13_Register_Login_Log_Report -->
