<?xml version="1.0" encoding="UTF-8"?>
<!-- Generated by org.testng.reporters.JUnitReportReporter -->
<testsuite hostname="ABNER" failures="0" tests="4" name="com.nopcommerce.myaccount.MyAccount_Nopcommerce" time="27.021" errors="0" timestamp="07 Dec 2021 04:37:17 GMT" skipped="0">
  <testcase classname="com.nopcommerce.myaccount.MyAccount_Nopcommerce" name="TC_04_Preview_Product" time="4.584"/>
  <testcase classname="com.nopcommerce.myaccount.MyAccount_Nopcommerce" name="TC_01_Custom_Info" time="6.453"/>
  <testcase classname="com.nopcommerce.myaccount.MyAccount_Nopcommerce" name="TC_02_Address" time="6.313"/>
  <testcase classname="com.nopcommerce.myaccount.MyAccount_Nopcommerce" name="TC_03_Change_Password" time="9.671"/>
</testsuite> <!-- com.nopcommerce.myaccount.MyAccount_Nopcommerce -->
