<?xml version="1.0" encoding="UTF-8"?>
<!-- Generated by org.testng.reporters.JUnitReportReporter -->
<testsuite hostname="ABNER" failures="0" tests="2" name="com.nopcommerce.user.Level_15_Register_Login_Pattern_Object" time="7.040" errors="0" timestamp="04 Nov 2021 09:54:17 GMT" skipped="0">
  <testcase classname="com.nopcommerce.user.Level_15_Register_Login_Pattern_Object" name="TC_01_Register_To_System" time="4.349"/>
  <testcase classname="com.nopcommerce.user.Level_15_Register_Login_Pattern_Object" name="TC_02_Login_To_System" time="2.691"/>
</testsuite> <!-- com.nopcommerce.user.Level_15_Register_Login_Pattern_Object -->
